# JRE version: Java(TM) SE Runtime Environment (8.0_77-b03) (build 1.8.0_77-b03)
# Java VM: Java HotSpot(TM) 64-Bit Server VM (25.77-b03 mixed mode bsd-amd64 compressed oops)
Heap:
 PSYoungGen      total 135168K, used 7417K [0x0000000795580000, 0x000000079db80000, 0x00000007c0000000)
  eden space 133120K, 4% used [0x0000000795580000,0x0000000795aee468,0x000000079d780000)
  from space 2048K, 90% used [0x000000079d980000,0x000000079db50000,0x000000079db80000)
  to   space 2048K, 0% used [0x000000079d780000,0x000000079d780000,0x000000079d980000)
 ParOldGen       total 87552K, used 48K [0x0000000740000000, 0x0000000745580000, 0x0000000795580000)
  object space 87552K, 0% used [0x0000000740000000,0x000000074000c000,0x0000000745580000)
 Metaspace       used 6761K, capacity 6915K, committed 7168K, reserved 1056768K
  class space    used 687K, capacity 760K, committed 768K, reserved 1048576K
GC Heap History (10 events):
Event: 1.868 GC heap before
{Heap before GC invocations=2 (full 0):
 PSYoungGen      total 38400K, used 35079K [0x0000000795580000, 0x0000000798000000, 0x00000007c0000000)
  eden space 33280K, 100% used [0x0000000795580000,0x0000000797600000,0x0000000797600000)
  from space 5120K, 35% used [0x0000000797600000,0x00000007977c1d20,0x0000000797b00000)
  to   space 5120K, 0% used [0x0000000797b00000,0x0000000797b00000,0x0000000798000000)
 ParOldGen       total 87552K, used 16K [0x0000000740000000, 0x0000000745580000, 0x0000000795580000)
  object space 87552K, 0% used [0x0000000740000000,0x0000000740004000,0x0000000745580000)
 Metaspace       used 6748K, capacity 6915K, committed 7168K, reserved 1056768K
  class space    used 686K, capacity 760K, committed 768K, reserved 1048576K
Event: 1.877 GC heap after
Heap after GC invocations=2 (full 0):
 PSYoungGen      total 38400K, used 1456K [0x0000000795580000, 0x000000079a080000, 0x00000007c0000000)
  eden space 33280K, 0% used [0x0000000795580000,0x0000000795580000,0x0000000797600000)
  from space 5120K, 28% used [0x0000000797b00000,0x0000000797c6c010,0x0000000798000000)
  to   space 5120K, 0% used [0x0000000797600000,0x0000000797600000,0x0000000797b00000)
 ParOldGen       total 87552K, used 24K [0x0000000740000000, 0x0000000745580000, 0x0000000795580000)
  object space 87552K, 0% used [0x0000000740000000,0x0000000740006000,0x0000000745580000)
 Metaspace       used 6748K, capacity 6915K, committed 7168K, reserved 1056768K
  class space    used 686K, capacity 760K, committed 768K, reserved 1048576K
}
Event: 2.305 GC heap before
{Heap before GC invocations=3 (full 0):
 PSYoungGen      total 38400K, used 34736K [0x0000000795580000, 0x000000079a080000, 0x00000007c0000000)
  eden space 33280K, 100% used [0x0000000795580000,0x0000000797600000,0x0000000797600000)
  from space 5120K, 28% used [0x0000000797b00000,0x0000000797c6c010,0x0000000798000000)
  to   space 5120K, 0% used [0x0000000797600000,0x0000000797600000,0x0000000797b00000)
 ParOldGen       total 87552K, used 24K [0x0000000740000000, 0x0000000745580000, 0x0000000795580000)
  object space 87552K, 0% used [0x0000000740000000,0x0000000740006000,0x0000000745580000)
 Metaspace       used 6749K, capacity 6915K, committed 7168K, reserved 1056768K
  class space    used 686K, capacity 760K, committed 768K, reserved 1048576K
Event: 2.312 GC heap after
Heap after GC invocations=3 (full 0):
 PSYoungGen      total 38400K, used 1472K [0x0000000795580000, 0x000000079a080000, 0x00000007c0000000)
  eden space 33280K, 0% used [0x0000000795580000,0x0000000795580000,0x0000000797600000)
  from space 5120K, 28% used [0x0000000797600000,0x0000000797770000,0x0000000797b00000)
  to   space 5120K, 0% used [0x0000000799b80000,0x0000000799b80000,0x000000079a080000)
 ParOldGen       total 87552K, used 32K [0x0000000740000000, 0x0000000745580000, 0x0000000795580000)
  object space 87552K, 0% used [0x0000000740000000,0x0000000740008000,0x0000000745580000)
 Metaspace       used 6749K, capacity 6915K, committed 7168K, reserved 1056768K
  class space    used 686K, capacity 760K, committed 768K, reserved 1048576K
}
Event: 2.681 GC heap before
{Heap before GC invocations=4 (full 0):
 PSYoungGen      total 38400K, used 34752K [0x0000000795580000, 0x000000079a080000, 0x00000007c0000000)
  eden space 33280K, 100% used [0x0000000795580000,0x0000000797600000,0x0000000797600000)
  from space 5120K, 28% used [0x0000000797600000,0x0000000797770000,0x0000000797b00000)
  to   space 5120K, 0% used [0x0000000799b80000,0x0000000799b80000,0x000000079a080000)
 ParOldGen       total 87552K, used 32K [0x0000000740000000, 0x0000000745580000, 0x0000000795580000)
  object space 87552K, 0% used [0x0000000740000000,0x0000000740008000,0x0000000745580000)
 Metaspace       used 6752K, capacity 6915K, committed 7168K, reserved 1056768K
  class space    used 686K, capacity 760K, committed 768K, reserved 1048576K
Event: 2.687 GC heap after
Heap after GC invocations=4 (full 0):
 PSYoungGen      total 71680K, used 1472K [0x0000000795580000, 0x000000079a080000, 0x00000007c0000000)
  eden space 66560K, 0% used [0x0000000795580000,0x0000000795580000,0x0000000799680000)
  from space 5120K, 28% used [0x0000000799b80000,0x0000000799cf0000,0x000000079a080000)
  to   space 5120K, 0% used [0x0000000799680000,0x0000000799680000,0x0000000799b80000)
 ParOldGen       total 87552K, used 40K [0x0000000740000000, 0x0000000745580000, 0x0000000795580000)
  object space 87552K, 0% used [0x0000000740000000,0x000000074000a000,0x0000000745580000)
 Metaspace       used 6752K, capacity 6915K, committed 7168K, reserved 1056768K
  class space    used 686K, capacity 760K, committed 768K, reserved 1048576K
}
Event: 3.254 GC heap before
{Heap before GC invocations=5 (full 0):
 PSYoungGen      total 71680K, used 68032K [0x0000000795580000, 0x000000079a080000, 0x00000007c0000000)
  eden space 66560K, 100% used [0x0000000795580000,0x0000000799680000,0x0000000799680000)
  from space 5120K, 28% used [0x0000000799b80000,0x0000000799cf0000,0x000000079a080000)
  to   space 5120K, 0% used [0x0000000799680000,0x0000000799680000,0x0000000799b80000)
 ParOldGen       total 87552K, used 40K [0x0000000740000000, 0x0000000745580000, 0x0000000795580000)
  object space 87552K, 0% used [0x0000000740000000,0x000000074000a000,0x0000000745580000)
 Metaspace       used 6755K, capacity 6915K, committed 7168K, reserved 1056768K
  class space    used 686K, capacity 760K, committed 768K, reserved 1048576K
Event: 3.262 GC heap after
Heap after GC invocations=5 (full 0):
 PSYoungGen      total 71680K, used 1840K [0x0000000795580000, 0x000000079db80000, 0x00000007c0000000)
  eden space 66560K, 0% used [0x0000000795580000,0x0000000795580000,0x0000000799680000)
  from space 5120K, 35% used [0x0000000799680000,0x000000079984c010,0x0000000799b80000)
  to   space 2048K, 0% used [0x000000079d980000,0x000000079d980000,0x000000079db80000)
 ParOldGen       total 87552K, used 48K [0x0000000740000000, 0x0000000745580000, 0x0000000795580000)
  object space 87552K, 0% used [0x0000000740000000,0x000000074000c000,0x0000000745580000)
 Metaspace       used 6755K, capacity 6915K, committed 7168K, reserved 1056768K
  class space    used 686K, capacity 760K, committed 768K, reserved 1048576K
}
Event: 3.708 GC heap before
{Heap before GC invocations=6 (full 0):
 PSYoungGen      total 71680K, used 68400K [0x0000000795580000, 0x000000079db80000, 0x00000007c0000000)
  eden space 66560K, 100% used [0x0000000795580000,0x0000000799680000,0x0000000799680000)
  from space 5120K, 35% used [0x0000000799680000,0x000000079984c010,0x0000000799b80000)
  to   space 2048K, 0% used [0x000000079d980000,0x000000079d980000,0x000000079db80000)
 ParOldGen       total 87552K, used 48K [0x0000000740000000, 0x0000000745580000, 0x0000000795580000)
  object space 87552K, 0% used [0x0000000740000000,0x000000074000c000,0x0000000745580000)
 Metaspace       used 6755K, capacity 6915K, committed 7168K, reserved 1056768K
  class space    used 686K, capacity 760K, committed 768K, reserved 1048576K
Event: 3.722 GC heap after
Heap after GC invocations=6 (full 0):
 PSYoungGen      total 135168K, used 1856K [0x0000000795580000, 0x000000079db80000, 0x00000007c0000000)
  eden space 133120K, 0% used [0x0000000795580000,0x0000000795580000,0x000000079d780000)
  from space 2048K, 90% used [0x000000079d980000,0x000000079db50000,0x000000079db80000)
  to   space 2048K, 0% used [0x000000079d780000,0x000000079d780000,0x000000079d980000)
 ParOldGen       total 87552K, used 48K [0x0000000740000000, 0x0000000745580000, 0x0000000795580000)
  object space 87552K, 0% used [0x0000000740000000,0x000000074000c000,0x0000000745580000)
 Metaspace       used 6755K, capacity 6915K, committed 7168K, reserved 1056768K
  class space    used 686K, capacity 760K, committed 768K, reserved 1048576K
}

